
The following files have been resolved:
   org.eclipse.jetty:jetty-xml:jar:9.4.8.v20171121:compile
   com.zaxxer:HikariCP-java6:jar:2.3.13:compile
   com.github.jknack:handlebars-guava-cache:jar:4.0.6:compile
   org.eclipse.jetty.websocket:websocket-servlet:jar:9.4.8.v20171121:compile
   org.opentest4j:opentest4j:jar:1.1.0:compile
   org.eclipse.jetty:jetty-server:jar:9.4.8.v20171121:compile
   com.sparkjava:spark-core:jar:2.7.2:compile
   org.eclipse.jetty:jetty-io:jar:9.4.8.v20171121:compile
   com.mchange:c3p0:jar:0.9.5.2:compile
   org.eclipse.jetty:jetty-security:jar:9.4.8.v20171121:compile
   me.xuender:unidecode:jar:0.0.7:compile
   org.functionaljava:functionaljava-java-core:jar:4.8.1:compile
   xml-apis:xml-apis:jar:1.0.b2:compile
   org.apache.commons:commons-lang3:jar:3.0:compile
   com.squareup.okhttp3:okhttp:jar:4.9.0:compile
   antlr:antlr:jar:2.7.7:compile
   org.junit.vintage:junit-vintage-engine:jar:5.2.0:compile
   org.junit.platform:junit-platform-commons:jar:1.2.0:compile
   org.hibernate:hibernate-core:jar:4.3.6.Final:compile
   org.apache.httpcomponents:httpclient:jar:4.5.12:compile
   com.github.jknack:handlebars:jar:4.0.6:compile
   org.eclipse.jetty:jetty-util:jar:9.4.8.v20171121:compile
   com.squareup.okio:okio:jar:2.8.0:compile
   com.fasterxml.jackson.core:jackson-annotations:jar:2.9.0:compile
   org.codehaus.jackson:jackson-mapper-asl:jar:1.9.13:compile
   org.eclipse.jetty:jetty-client:jar:9.4.8.v20171121:compile
   commons-logging:commons-logging:jar:1.2:compile
   org.jetbrains.kotlin:kotlin-stdlib-jdk8:jar:1.4.10:compile
   org.hibernate:hibernate-entitymanager:jar:4.3.6.Final:compile
   org.functionaljava:functionaljava-quickcheck:jar:4.8.1:compile
   org.codehaus.jackson:jackson-core-asl:jar:1.9.13:compile
   org.antlr:antlr4-runtime:jar:4.5.1-1:compile
   commons-codec:commons-codec:jar:1.11:compile
   org.apache.httpcomponents:httpcore:jar:4.4.13:compile
   dom4j:dom4j:jar:1.6.1:compile
   org.eclipse.jetty:jetty-http:jar:9.4.8.v20171121:compile
   org.apiguardian:apiguardian-api:jar:1.0.0:compile
   org.quartz-scheduler:quartz-jobs:jar:2.3.0:compile
   org.eclipse.jetty.websocket:websocket-api:jar:9.4.8.v20171121:compile
   org.slf4j:slf4j-simple:jar:1.7.21:compile
   org.jetbrains.kotlin:kotlin-stdlib-common:jar:1.4.0:compile
   com.google.code.findbugs:jsr305:jar:1.3.9:compile
   org.javassist:javassist:jar:3.22.0-GA:compile
   org.quartz-scheduler:quartz:jar:2.3.0:compile
   com.github.jknack:handlebars-helpers:jar:4.2.0:compile
   org.functionaljava:functionaljava:jar:4.8.1:compile
   com.squareup.okhttp3:logging-interceptor:jar:4.9.0:compile
   com.google.code.gson:gson:jar:2.8.6:compile
   org.functionaljava:functionaljava-java8:jar:4.8.1:compile
   com.github.jknack:handlebars-humanize:jar:4.2.0:compile
   org.jboss:jandex:jar:1.1.0.Final:compile
   org.hibernate.javax.persistence:hibernate-jpa-2.1-api:jar:1.0.0.Final:compile
   org.eclipse.jetty:jetty-servlet:jar:9.4.8.v20171121:compile
   org.eclipse.jetty.websocket:websocket-client:jar:9.4.8.v20171121:compile
   com.sparkjava:spark-template-handlebars:jar:2.7.1:compile
   org.jboss.logging:jboss-logging:jar:3.1.3.GA:compile
   com.mchange:mchange-commons-java:jar:0.2.11:compile
   com.fasterxml.jackson.core:jackson-databind:jar:2.9.6:compile
   org.jetbrains.kotlin:kotlin-stdlib-jdk7:jar:1.4.10:compile
   com.squareup.retrofit2:converter-gson:jar:2.5.0:compile
   com.google.guava:guava:jar:14.0.1:compile
   org.hibernate.common:hibernate-commons-annotations:jar:4.0.5.Final:compile
   org.eclipse.jetty.websocket:websocket-server:jar:9.4.8.v20171121:compile
   org.eclipse.jetty.websocket:websocket-common:jar:9.4.8.v20171121:compile
   org.hibernate:hibernate-c3p0:jar:5.4.2.Final:compile
   org.jetbrains.kotlin:kotlin-stdlib:jar:1.4.10:compile
   com.fasterxml.jackson.core:jackson-core:jar:2.9.6:compile
   org.uqbar-project:jpa-java8-extras:jar:1.0-alpha-1:compile
   javax.servlet:javax.servlet-api:jar:3.1.0:compile
   com.sparkjava:spark-debug-tools:jar:0.5:compile
   mysql:mysql-connector-java:jar:5.1.26:compile
   org.hsqldb:hsqldb:jar:2.2.8:compile
   org.eclipse.jetty:jetty-webapp:jar:9.4.8.v20171121:compile
   org.jboss.logging:jboss-logging-annotations:jar:1.2.0.Beta1:compile
   com.squareup.retrofit2:retrofit:jar:2.5.0:compile
   com.github.mfornos:humanize-slim:jar:1.2.2:compile
   org.mozilla:rhino:jar:1.7R4:compile
   org.jboss.spec.javax.transaction:jboss-transaction-api_1.2_spec:jar:1.0.0.Final:compile
   org.functionaljava:functionaljava_1.8:jar:4.8.1:compile
   org.slf4j:slf4j-api:jar:1.7.7:compile
   org.json:json:jar:20090211:compile
   org.ocpsoft.prettytime:prettytime:jar:3.2.5.Final:compile
   org.glassfish:jakarta.json:jar:1.1.6:compile
   org.junit.platform:junit-platform-engine:jar:1.2.0:compile
   org.jetbrains:annotations:jar:13.0:compile

